<?xml version="1.0" encoding="UTF-8"?>
<testsuite xmlns:xsi="http://www.w3.org/2001/XMLSchema-instance" xsi:noNamespaceSchemaLocation="https://maven.apache.org/surefire/maven-surefire-plugin/xsd/surefire-test-report-3.0.xsd" version="3.0" name="TestSuite" time="14.563" tests="2" errors="0" skipped="0" failures="0">
  <properties>
[...]
</properties>
  <testcase name="loginApp" classname="com.learn.testcases.LoginTest" time="1.478">
    <system-out><![CDATA[Test config is being prepared
Test can be started
Launching the application
Login is successful
]]></system-out>
    <system-err><![CDATA[SLF4J: No SLF4J providers were found.
SLF4J: Defaulting to no-operation (NOP) logger implementation
SLF4J: See https://www.slf4j.org/codes.html#noProviders for further details.
ERROR StatusLogger Log4j2 could not find a logging implementation. Please add log4j-core to the classpath. Using SimpleLogger to log to the console...
1673288666237	geckodriver	INFO	Listening on 127.0.0.1:11018
1673288666732	mozrunner::runner	INFO	Running command: "/Applications/Firefox.app/Contents/MacOS/firefox-bin" "--marionette" "--remote-debugging-port" "18350" "--remote-allow-hosts" "localhost" "--remote-allow-origins" "http://127.0.0.1:18350/,http://localhost:18350/,http://[::1]:18350/" "-foreground" "-no-remote" "-profile" "/var/folders/qz/9p5hdq_j13q69d4001g81ccm0000gn/T/rust_mozprofile1yD1ls"
1673288667780	Marionette	INFO	Marionette enabled
1673288668031	Marionette	INFO	Listening on port 57554
Read port: 57554
WebDriver BiDi listening on ws://127.0.0.1:18350
1673288668236	RemoteAgent	WARN	TLS certificate errors will be ignored for this session
console.warn: SearchSettings: "get: No settings file exists, new profile?" (new NotFoundError("Could not open the file at /var/folders/qz/9p5hdq_j13q69d4001g81ccm0000gn/T/rust_mozprofile1yD1ls/search.json.mozlz4", (void 0)))
DevTools listening on ws://127.0.0.1:18350/devtools/browser/e750c08c-57f3-494b-8a61-0c8171d46d6c
JavaScript error: resource://gre/modules/URIFixup.sys.mjs, line 304: NS_ERROR_FAILURE: Should pass a non-null uri
console.warn: LoginRecipes: "Falling back to a synchronous message for: https://www.saucedemo.com."
console.warn: LoginRecipes: "Falling back to a synchronous message for: https://www.saucedemo.com."
]]></system-err>
  </testcase>
  <testcase name="logoutApp" classname="com.learn.testcases.LoginTest" time="0.539"/>
</testsuite>