<?xml version="1.0" encoding="UTF-8"?>
<testng-results ignored="0" total="2" passed="2" failed="0" skipped="0">
  <reporter-output>
    <line>
      <![CDATA[Test config is being prepared]]>
    </line>
    <line>
      <![CDATA[Test can be started]]>
    </line>
    <line>
      <![CDATA[Launching the application]]>
    </line>
    <line>
      <![CDATA[Login is successful]]>
    </line>
  </reporter-output>
  <suite started-at="2023-01-09T19:24:24 CET" name="SauceDemo Application Testing" finished-at="2023-01-09T19:24:36 CET" duration-ms="11750">
    <groups>
    </groups>
    <test started-at="2023-01-09T19:24:24 CET" name="SauceDemo Test Package" finished-at="2023-01-09T19:24:36 CET" duration-ms="11750">
      <class name="com.learn.testcases.LoginTest">
        <test-method is-config="true" signature="setUpSuite()[pri:0, instance:com.learn.testcases.LoginTest@1e6a3214]" started-at="2023-01-09T19:24:22 CET" name="setUpSuite" finished-at="2023-01-09T19:24:24 CET" duration-ms="1482" status="PASS">
          <reporter-output>
            <line>
              <![CDATA[Test config is being prepared]]>
            </line>
            <line>
              <![CDATA[Test can be started]]>
            </line>
          </reporter-output>
        </test-method> <!-- setUpSuite -->
        <test-method is-config="true" signature="setUp(java.lang.String,java.lang.String)[pri:0, instance:com.learn.testcases.LoginTest@1e6a3214]" started-at="2023-01-09T19:24:24 CET" name="setUp" finished-at="2023-01-09T19:24:31 CET" duration-ms="7265" status="PASS">
          <params>
            <param index="0">
              <value>
                <![CDATA[Firefox]]>
              </value>
            </param>
            <param index="1">
              <value>
                <![CDATA[https://www.saucedemo.com/]]>
              </value>
            </param>
          </params>
          <reporter-output>
            <line>
              <![CDATA[Launching the application]]>
            </line>
            <line>
              <![CDATA[Login is successful]]>
            </line>
          </reporter-output>
        </test-method> <!-- setUp -->
        <test-method signature="loginApp()[pri:1, instance:com.learn.testcases.LoginTest@1e6a3214]" started-at="2023-01-09T19:24:31 CET" name="loginApp" finished-at="2023-01-09T19:24:33 CET" duration-ms="1474" status="PASS">
          <reporter-output>
          </reporter-output>
        </test-method> <!-- loginApp -->
        <test-method is-config="true" signature="finalTearDown(org.testng.ITestResult)[pri:0, instance:com.learn.testcases.LoginTest@1e6a3214]" started-at="2023-01-09T19:24:33 CET" name="finalTearDown" finished-at="2023-01-09T19:24:34 CET" duration-ms="1218" status="PASS">
          <params>
            <param index="0">
              <value>
                <![CDATA[[TestResult name=loginApp status=SUCCESS method=LoginTest.loginApp()[pri:1, instance:com.learn.testcases.LoginTest@1e6a3214] output={null}]]]>
              </value>
            </param>
          </params>
          <reporter-output>
          </reporter-output>
        </test-method> <!-- finalTearDown -->
        <test-method signature="logoutApp()[pri:0, instance:com.learn.testcases.LoginTest@1e6a3214]" started-at="2023-01-09T19:24:34 CET" name="logoutApp" finished-at="2023-01-09T19:24:34 CET" depends-on-methods="com.learn.testcases.LoginTest.loginApp" duration-ms="543" status="PASS">
          <reporter-output>
          </reporter-output>
        </test-method> <!-- logoutApp -->
        <test-method is-config="true" signature="finalTearDown(org.testng.ITestResult)[pri:0, instance:com.learn.testcases.LoginTest@1e6a3214]" started-at="2023-01-09T19:24:34 CET" name="finalTearDown" finished-at="2023-01-09T19:24:35 CET" duration-ms="390" status="PASS">
          <params>
            <param index="0">
              <value>
                <![CDATA[[TestResult name=logoutApp status=SUCCESS method=LoginTest.logoutApp()[pri:0, instance:com.learn.testcases.LoginTest@1e6a3214] output={null}]]]>
              </value>
            </param>
          </params>
          <reporter-output>
          </reporter-output>
        </test-method> <!-- finalTearDown -->
        <test-method is-config="true" signature="tearDown()[pri:0, instance:com.learn.testcases.LoginTest@1e6a3214]" started-at="2023-01-09T19:24:35 CET" name="tearDown" finished-at="2023-01-09T19:24:36 CET" duration-ms="739" status="PASS">
          <reporter-output>
          </reporter-output>
        </test-method> <!-- tearDown -->
      </class> <!-- com.learn.testcases.LoginTest -->
    </test> <!-- SauceDemo Test Package -->
  </suite> <!-- SauceDemo Application Testing -->
</testng-results>
