<?xml version="1.0" encoding="UTF-8"?>
<!-- Generated by org.testng.reporters.JUnitReportReporter -->
<testsuite hostname="Akhilas-Air" failures="0" tests="2" name="com.learn.testcases.LoginTest" time="3.632" errors="0" timestamp="2023-01-09T21:12:38 CET" skipped="0">
  <testcase classname="com.learn.testcases.LoginTest" name="logoutApp" time="0.939"/>
  <system-out/>
  <testcase classname="com.learn.testcases.LoginTest" name="loginApp" time="2.693"/>
  <system-out/>
</testsuite> <!-- com.learn.testcases.LoginTest -->
